admin‣BCFACTOR: 10.00
BCFACTOR.cpp
Dịch thành công

admin‣BCFACTOR‣test1: 1.00
Thời gian ≈ 0.105467425 giây
Kết quả khớp đáp án!
admin‣BCFACTOR‣test10: 1.00
Thời gian ≈ 0.086346156 giây
Kết quả khớp đáp án!
admin‣BCFACTOR‣test2: 1.00
Thời gian ≈ 0.093664639 giây
Kết quả khớp đáp án!
admin‣BCFACTOR‣test3: 1.00
Thời gian ≈ 0.086006988 giây
Kết quả khớp đáp án!
admin‣BCFACTOR‣test4: 1.00
Thời gian ≈ 0.249232439 giây
Kết quả khớp đáp án!
admin‣BCFACTOR‣test5: 1.00
Thời gian ≈ 0.088959667 giây
Kết quả khớp đáp án!
admin‣BCFACTOR‣test6: 1.00
Thời gian ≈ 0.074745845 giây
Kết quả khớp đáp án!
admin‣BCFACTOR‣test7: 1.00
Thời gian ≈ 0.085321653 giây
Kết quả khớp đáp án!
admin‣BCFACTOR‣test8: 1.00
Thời gian ≈ 0.094696141 giây
Kết quả khớp đáp án!
admin‣BCFACTOR‣test9: 1.00
Thời gian ≈ 0.086899929 giây
Kết quả khớp đáp án!
