admin‣BCPALIN: 10.00
BCPALIN.cpp
Dịch thành công

admin‣BCPALIN‣test1: 1.00
Thời gian ≈ 0.143033025 giây
Kết quả khớp đáp án!
admin‣BCPALIN‣test10: 1.00
Thời gian ≈ 0.085596440 giây
Kết quả khớp đáp án!
admin‣BCPALIN‣test2: 1.00
Thời gian ≈ 0.086770700 giây
Kết quả khớp đáp án!
admin‣BCPALIN‣test3: 1.00
Thời gian ≈ 0.073986798 giây
Kết quả khớp đáp án!
admin‣BCPALIN‣test4: 1.00
Thời gian ≈ 0.094331313 giây
Kết quả khớp đáp án!
admin‣BCPALIN‣test5: 1.00
Thời gian ≈ 0.176551463 giây
Kết quả khớp đáp án!
admin‣BCPALIN‣test6: 1.00
Thời gian ≈ 0.094866892 giây
Kết quả khớp đáp án!
admin‣BCPALIN‣test7: 1.00
Thời gian ≈ 0.088557983 giây
Kết quả khớp đáp án!
admin‣BCPALIN‣test8: 1.00
Thời gian ≈ 0.096312207 giây
Kết quả khớp đáp án!
admin‣BCPALIN‣test9: 1.00
Thời gian ≈ 0.102887971 giây
Kết quả khớp đáp án!
