admin‣BCPRIME: 10.00
BCPRIME.c
Dịch thành công

admin‣BCPRIME‣Test01: 1.00
Thời gian ≈ 0.089118754 giây
Kết quả khớp đáp án!
admin‣BCPRIME‣Test02: 1.00
Thời gian ≈ 0.105952618 giây
Kết quả khớp đáp án!
admin‣BCPRIME‣Test03: 1.00
Thời gian ≈ 0.155838388 giây
Kết quả khớp đáp án!
admin‣BCPRIME‣Test04: 1.00
Thời gian ≈ 0.130157683 giây
Kết quả khớp đáp án!
admin‣BCPRIME‣Test05: 1.00
Thời gian ≈ 0.129659894 giây
Kết quả khớp đáp án!
admin‣BCPRIME‣Test06: 1.00
Thời gian ≈ 0.104636999 giây
Kết quả khớp đáp án!
admin‣BCPRIME‣Test07: 1.00
Thời gian ≈ 0.101066165 giây
Kết quả khớp đáp án!
admin‣BCPRIME‣Test08: 1.00
Thời gian ≈ 0.130704925 giây
Kết quả khớp đáp án!
admin‣BCPRIME‣Test09: 1.00
Thời gian ≈ 0.117357452 giây
Kết quả khớp đáp án!
admin‣BCPRIME‣Test10: 1.00
Thời gian ≈ 0.093348797 giây
Kết quả khớp đáp án!
