admin‣BCFACT: 10.00
BCFACT.c
Dịch thành công

admin‣BCFACT‣Test01: 1.00
Thời gian ≈ 0.044753000 giây
Kết quả khớp đáp án!
admin‣BCFACT‣Test02: 1.00
Thời gian ≈ 0.042325600 giây
Kết quả khớp đáp án!
admin‣BCFACT‣Test03: 1.00
Thời gian ≈ 0.048813200 giây
Kết quả khớp đáp án!
admin‣BCFACT‣Test04: 1.00
Thời gian ≈ 0.056057200 giây
Kết quả khớp đáp án!
admin‣BCFACT‣Test05: 1.00
Thời gian ≈ 0.044410200 giây
Kết quả khớp đáp án!
admin‣BCFACT‣Test06: 1.00
Thời gian ≈ 0.051714900 giây
Kết quả khớp đáp án!
admin‣BCFACT‣Test07: 1.00
Thời gian ≈ 0.044499000 giây
Kết quả khớp đáp án!
admin‣BCFACT‣Test08: 1.00
Thời gian ≈ 0.042108600 giây
Kết quả khớp đáp án!
admin‣BCFACT‣Test09: 1.00
Thời gian ≈ 0.041573400 giây
Kết quả khớp đáp án!
admin‣BCFACT‣Test10: 1.00
Thời gian ≈ 0.043465000 giây
Kết quả khớp đáp án!
