admin‣CHANLE: 10.00
CHANLE.c
Dịch thành công

admin‣CHANLE‣Test01: 1.00
Thời gian ≈ 0.042351500 giây
Kết quả khớp đáp án!
admin‣CHANLE‣Test02: 1.00
Thời gian ≈ 0.047501000 giây
Kết quả khớp đáp án!
admin‣CHANLE‣Test03: 1.00
Thời gian ≈ 0.041693900 giây
Kết quả khớp đáp án!
admin‣CHANLE‣Test04: 1.00
Thời gian ≈ 0.042883600 giây
Kết quả khớp đáp án!
admin‣CHANLE‣Test05: 1.00
Thời gian ≈ 0.049315700 giây
Kết quả khớp đáp án!
admin‣CHANLE‣Test06: 1.00
Thời gian ≈ 0.051970800 giây
Kết quả khớp đáp án!
admin‣CHANLE‣Test07: 1.00
Thời gian ≈ 0.046698900 giây
Kết quả khớp đáp án!
admin‣CHANLE‣Test08: 1.00
Thời gian ≈ 0.042497800 giây
Kết quả khớp đáp án!
admin‣CHANLE‣Test09: 1.00
Thời gian ≈ 0.039518400 giây
Kết quả khớp đáp án!
admin‣CHANLE‣Test10: 1.00
Thời gian ≈ 0.042344600 giây
Kết quả khớp đáp án!
