admin‣BCVTAB: 10.00
BCVTAB.c
Dịch thành công

admin‣BCVTAB‣Test01: 1.00
Thời gian ≈ 0.092730176 giây
Kết quả khớp đáp án!
admin‣BCVTAB‣Test02: 1.00
Thời gian ≈ 0.108860510 giây
Kết quả khớp đáp án!
admin‣BCVTAB‣Test03: 1.00
Thời gian ≈ 0.083870739 giây
Kết quả khớp đáp án!
admin‣BCVTAB‣Test04: 1.00
Thời gian ≈ 0.182837045 giây
Kết quả khớp đáp án!
admin‣BCVTAB‣Test05: 1.00
Thời gian ≈ 0.174592030 giây
Kết quả khớp đáp án!
admin‣BCVTAB‣Test06: 1.00
Thời gian ≈ 0.089173805 giây
Kết quả khớp đáp án!
admin‣BCVTAB‣Test07: 1.00
Thời gian ≈ 0.093182712 giây
Kết quả khớp đáp án!
admin‣BCVTAB‣Test08: 1.00
Thời gian ≈ 0.096390118 giây
Kết quả khớp đáp án!
admin‣BCVTAB‣Test09: 1.00
Thời gian ≈ 0.072511158 giây
Kết quả khớp đáp án!
admin‣BCVTAB‣Test10: 1.00
Thời gian ≈ 0.097402491 giây
Kết quả khớp đáp án!
