admin‣BCFACT: 10.00
BCFACT.cpp
Dịch thành công

admin‣BCFACT‣test01: 1.00
Thời gian ≈ 0.131385595 giây
Kết quả khớp đáp án!
admin‣BCFACT‣test02: 1.00
Thời gian ≈ 0.098515636 giây
Kết quả khớp đáp án!
admin‣BCFACT‣test03: 1.00
Thời gian ≈ 0.101161337 giây
Kết quả khớp đáp án!
admin‣BCFACT‣test04: 1.00
Thời gian ≈ 0.102728884 giây
Kết quả khớp đáp án!
admin‣BCFACT‣test05: 1.00
Thời gian ≈ 0.198866141 giây
Kết quả khớp đáp án!
admin‣BCFACT‣test06: 1.00
Thời gian ≈ 0.088666685 giây
Kết quả khớp đáp án!
admin‣BCFACT‣test07: 1.00
Thời gian ≈ 0.094132104 giây
Kết quả khớp đáp án!
admin‣BCFACT‣test08: 1.00
Thời gian ≈ 0.093651110 giây
Kết quả khớp đáp án!
admin‣BCFACT‣test09: 1.00
Thời gian ≈ 0.082601773 giây
Kết quả khớp đáp án!
admin‣BCFACT‣test10: 1.00
Thời gian ≈ 0.084639583 giây
Kết quả khớp đáp án!
