admin‣BCFACT: 10.00
BCFACT.cpp
Dịch thành công

admin‣BCFACT‣Test01: 1.00
Thời gian ≈ 0.053428200 giây
Kết quả khớp đáp án!
admin‣BCFACT‣Test02: 1.00
Thời gian ≈ 0.052542100 giây
Kết quả khớp đáp án!
admin‣BCFACT‣Test03: 1.00
Thời gian ≈ 0.043689300 giây
Kết quả khớp đáp án!
admin‣BCFACT‣Test04: 1.00
Thời gian ≈ 0.045094400 giây
Kết quả khớp đáp án!
admin‣BCFACT‣Test05: 1.00
Thời gian ≈ 0.047052300 giây
Kết quả khớp đáp án!
admin‣BCFACT‣Test06: 1.00
Thời gian ≈ 0.048287500 giây
Kết quả khớp đáp án!
admin‣BCFACT‣Test07: 1.00
Thời gian ≈ 0.047366200 giây
Kết quả khớp đáp án!
admin‣BCFACT‣Test08: 1.00
Thời gian ≈ 0.045849800 giây
Kết quả khớp đáp án!
admin‣BCFACT‣Test09: 1.00
Thời gian ≈ 0.039952100 giây
Kết quả khớp đáp án!
admin‣BCFACT‣Test10: 1.00
Thời gian ≈ 0.049241500 giây
Kết quả khớp đáp án!
