hynvkce140237‣BCVTAB: 10.00
BCVTAB.c
Dịch thành công

hynvkce140237‣BCVTAB‣Test01: 1.00
Thời gian ≈ 0.053070000 giây
Kết quả khớp đáp án!
hynvkce140237‣BCVTAB‣Test02: 1.00
Thời gian ≈ 0.045480700 giây
Kết quả khớp đáp án!
hynvkce140237‣BCVTAB‣Test03: 1.00
Thời gian ≈ 0.043229700 giây
Kết quả khớp đáp án!
hynvkce140237‣BCVTAB‣Test04: 1.00
Thời gian ≈ 0.042225000 giây
Kết quả khớp đáp án!
hynvkce140237‣BCVTAB‣Test05: 1.00
Thời gian ≈ 0.042725500 giây
Kết quả khớp đáp án!
hynvkce140237‣BCVTAB‣Test06: 1.00
Thời gian ≈ 0.051836800 giây
Kết quả khớp đáp án!
hynvkce140237‣BCVTAB‣Test07: 1.00
Thời gian ≈ 0.044312700 giây
Kết quả khớp đáp án!
hynvkce140237‣BCVTAB‣Test08: 1.00
Thời gian ≈ 0.041463700 giây
Kết quả khớp đáp án!
hynvkce140237‣BCVTAB‣Test09: 1.00
Thời gian ≈ 0.046519500 giây
Kết quả khớp đáp án!
hynvkce140237‣BCVTAB‣Test10: 1.00
Thời gian ≈ 0.046149400 giây
Kết quả khớp đáp án!
