hynvkce140237‣CHANLE: 10.00
CHANLE.py

hynvkce140237‣CHANLE‣Test01: 1.00
Thời gian ≈ 0.103997400 giây
Kết quả khớp đáp án!
hynvkce140237‣CHANLE‣Test02: 1.00
Thời gian ≈ 0.087945100 giây
Kết quả khớp đáp án!
hynvkce140237‣CHANLE‣Test03: 1.00
Thời gian ≈ 0.097988700 giây
Kết quả khớp đáp án!
hynvkce140237‣CHANLE‣Test04: 1.00
Thời gian ≈ 0.092135400 giây
Kết quả khớp đáp án!
hynvkce140237‣CHANLE‣Test05: 1.00
Thời gian ≈ 0.107922000 giây
Kết quả khớp đáp án!
hynvkce140237‣CHANLE‣Test06: 1.00
Thời gian ≈ 0.095286500 giây
Kết quả khớp đáp án!
hynvkce140237‣CHANLE‣Test07: 1.00
Thời gian ≈ 0.097917600 giây
Kết quả khớp đáp án!
hynvkce140237‣CHANLE‣Test08: 1.00
Thời gian ≈ 0.097831400 giây
Kết quả khớp đáp án!
hynvkce140237‣CHANLE‣Test09: 1.00
Thời gian ≈ 0.095108500 giây
Kết quả khớp đáp án!
hynvkce140237‣CHANLE‣Test10: 1.00
Thời gian ≈ 0.094537700 giây
Kết quả khớp đáp án!
