admin‣B: 0.00
B.cpp
Dịch thành công

admin‣B‣test01: 1.00
Thời gian ≈ 0.115087000 giây
Kết quả khớp đáp án!
admin‣B‣test02: 1.00
Thời gian ≈ 0.071398400 giây
Kết quả khớp đáp án!
admin‣B‣test03: 1.00
Thời gian ≈ 0.236832400 giây
Kết quả khớp đáp án!
admin‣B‣test04: 1.00
Thời gian ≈ 0.240472500 giây
Kết quả khớp đáp án!
admin‣B‣test05: 1.00
Thời gian ≈ 0.240651300 giây
Kết quả khớp đáp án!
admin‣B‣test06: 1.00
Thời gian ≈ 0.229172300 giây
Kết quả khớp đáp án!
admin‣B‣test07: 1.00
Thời gian ≈ 0.069063200 giây
Kết quả khớp đáp án!
admin‣B‣test08: 1.00
Thời gian ≈ 0.070893000 giây
Kết quả khớp đáp án!
admin‣B‣test09: 1.00
Thời gian ≈ 0.069737000 giây
Kết quả khớp đáp án!
admin‣B‣test10: 1.00
Thời gian ≈ 0.069323100 giây
Kết quả khớp đáp án!
admin‣B‣test11: 1.00
Thời gian ≈ 0.065904700 giây
Kết quả khớp đáp án!
admin‣B‣test12: 1.00
Thời gian ≈ 0.050446100 giây
Kết quả khớp đáp án!
admin‣B‣test13: 1.00
Thời gian ≈ 0.045178800 giây
Kết quả khớp đáp án!
admin‣B‣test14: 1.00
Thời gian ≈ 0.052339300 giây
Kết quả khớp đáp án!
admin‣B‣test15: 1.00
Thời gian ≈ 0.051940500 giây
Kết quả khớp đáp án!
admin‣B‣test16: 1.00
Thời gian ≈ 0.235894300 giây
Kết quả khớp đáp án!
admin‣B‣test17: 1.00
Thời gian ≈ 0.058958100 giây
Kết quả khớp đáp án!
admin‣B‣test18: 1.00
Thời gian ≈ 0.047081600 giây
Kết quả khớp đáp án!
admin‣B‣test19: 1.00
Thời gian ≈ 0.049375800 giây
Kết quả khớp đáp án!
admin‣B‣test20: 1.00
Thời gian ≈ 0.065815100 giây
Kết quả khớp đáp án!
admin‣B‣test21: 1.00
Thời gian ≈ 0.051403000 giây
Kết quả khớp đáp án!
admin‣B‣test22: 1.00
Thời gian ≈ 0.044662900 giây
Kết quả khớp đáp án!
admin‣B‣test23: 1.00
Thời gian ≈ 0.065811200 giây
Kết quả khớp đáp án!
admin‣B‣test24: 1.00
Thời gian ≈ 0.053703900 giây
Kết quả khớp đáp án!
admin‣B‣test25: 1.00
Thời gian ≈ 0.050279700 giây
Kết quả khớp đáp án!
admin‣B‣test26: 1.00
Thời gian ≈ 0.050678700 giây
Kết quả khớp đáp án!
admin‣B‣test27: 1.00
Thời gian ≈ 0.048281000 giây
Kết quả khớp đáp án!
admin‣B‣test28: 1.00
Thời gian ≈ 0.070198500 giây
Kết quả khớp đáp án!
admin‣B‣test29: 1.00
Thời gian ≈ 0.052454800 giây
Kết quả khớp đáp án!
admin‣B‣test30: 1.00
Thời gian ≈ 0.046299600 giây
Kết quả khớp đáp án!
admin‣B‣test31: 1.00
Thời gian ≈ 0.053050800 giây
Kết quả khớp đáp án!
admin‣B‣test32: 1.00
Thời gian ≈ 0.223476700 giây
Kết quả khớp đáp án!
admin‣B‣test33: 1.00
Thời gian ≈ 0.062024800 giây
Kết quả khớp đáp án!
admin‣B‣test34: 1.00
Thời gian ≈ 0.043589600 giây
Kết quả khớp đáp án!
admin‣B‣test35: 1.00
Thời gian ≈ 0.052089000 giây
Kết quả khớp đáp án!
admin‣B‣test36: 1.00
Thời gian ≈ 0.067404700 giây
Kết quả khớp đáp án!
admin‣B‣test37: 1.00
Thời gian ≈ 0.048794500 giây
Kết quả khớp đáp án!
admin‣B‣test38: 1.00
Thời gian ≈ 0.064738700 giây
Kết quả khớp đáp án!
admin‣B‣test39: 1.00
Thời gian ≈ 0.052195600 giây
Kết quả khớp đáp án!
admin‣B‣test40: 1.00
Thời gian ≈ 0.050976100 giây
Kết quả khớp đáp án!
admin‣B‣test41: 1.00
Thời gian ≈ 0.213150200 giây
Kết quả khớp đáp án!
admin‣B‣test42: 1.00
Thời gian ≈ 0.048416600 giây
Kết quả khớp đáp án!
admin‣B‣test43: 1.00
Thời gian ≈ 0.055894900 giây
Kết quả khớp đáp án!
admin‣B‣test44: 1.00
Thời gian ≈ 0.232501500 giây
Kết quả khớp đáp án!
admin‣B‣test45: 1.00
Thời gian ≈ 0.219427100 giây
Kết quả khớp đáp án!
admin‣B‣test46: 1.00
Thời gian ≈ 0.069750200 giây
Kết quả khớp đáp án!
admin‣B‣test47: 1.00
Thời gian ≈ 0.051639200 giây
Kết quả khớp đáp án!
admin‣B‣test48: 1.00
Thời gian ≈ 0.053213300 giây
Kết quả khớp đáp án!
admin‣B‣test49: 1.00
Thời gian ≈ 0.050025700 giây
Kết quả khớp đáp án!
admin‣B‣test50: 1.00
Thời gian ≈ 0.051928800 giây
Kết quả khớp đáp án!
