dunglvnce140405‣CHANLE: 0.00
CHANLE.py

dunglvnce140405‣CHANLE‣Test01: 0.00
Chạy sinh lỗi
Command: "D:\Program\Themis\PYTHON\python.exe" "Chanle.py" terminated with exit code: 1
dunglvnce140405‣CHANLE‣Test02: 0.00
Chạy sinh lỗi
Command: "D:\Program\Themis\PYTHON\python.exe" "Chanle.py" terminated with exit code: 1
dunglvnce140405‣CHANLE‣Test03: 0.00
Chạy sinh lỗi
Command: "D:\Program\Themis\PYTHON\python.exe" "Chanle.py" terminated with exit code: 1
dunglvnce140405‣CHANLE‣Test04: 0.00
Chạy sinh lỗi
Command: "D:\Program\Themis\PYTHON\python.exe" "Chanle.py" terminated with exit code: 1
dunglvnce140405‣CHANLE‣Test05: 0.00
Chạy sinh lỗi
Command: "D:\Program\Themis\PYTHON\python.exe" "Chanle.py" terminated with exit code: 1
dunglvnce140405‣CHANLE‣Test06: 0.00
Chạy sinh lỗi
Command: "D:\Program\Themis\PYTHON\python.exe" "Chanle.py" terminated with exit code: 1
dunglvnce140405‣CHANLE‣Test07: 0.00
Chạy sinh lỗi
Command: "D:\Program\Themis\PYTHON\python.exe" "Chanle.py" terminated with exit code: 1
dunglvnce140405‣CHANLE‣Test08: 0.00
Chạy sinh lỗi
Command: "D:\Program\Themis\PYTHON\python.exe" "Chanle.py" terminated with exit code: 1
dunglvnce140405‣CHANLE‣Test09: 0.00
Chạy sinh lỗi
Command: "D:\Program\Themis\PYTHON\python.exe" "Chanle.py" terminated with exit code: 1
dunglvnce140405‣CHANLE‣Test10: 0.00
Chạy sinh lỗi
Command: "D:\Program\Themis\PYTHON\python.exe" "Chanle.py" terminated with exit code: 1
