dunglvnce140405‣CHANLE: 10.00
CHANLE.py

dunglvnce140405‣CHANLE‣Test01: 1.00
Thời gian ≈ 0.125282300 giây
Kết quả khớp đáp án!
dunglvnce140405‣CHANLE‣Test02: 1.00
Thời gian ≈ 0.146980400 giây
Kết quả khớp đáp án!
dunglvnce140405‣CHANLE‣Test03: 1.00
Thời gian ≈ 0.115027000 giây
Kết quả khớp đáp án!
dunglvnce140405‣CHANLE‣Test04: 1.00
Thời gian ≈ 0.134093300 giây
Kết quả khớp đáp án!
dunglvnce140405‣CHANLE‣Test05: 1.00
Thời gian ≈ 0.126572300 giây
Kết quả khớp đáp án!
dunglvnce140405‣CHANLE‣Test06: 1.00
Thời gian ≈ 0.131937100 giây
Kết quả khớp đáp án!
dunglvnce140405‣CHANLE‣Test07: 1.00
Thời gian ≈ 0.143268000 giây
Kết quả khớp đáp án!
dunglvnce140405‣CHANLE‣Test08: 1.00
Thời gian ≈ 0.131657300 giây
Kết quả khớp đáp án!
dunglvnce140405‣CHANLE‣Test09: 1.00
Thời gian ≈ 0.149811100 giây
Kết quả khớp đáp án!
dunglvnce140405‣CHANLE‣Test10: 1.00
Thời gian ≈ 0.148305100 giây
Kết quả khớp đáp án!
