duy‣CHANLE: 10.00
CHANLE.py

duy‣CHANLE‣Test01: 1.00
Thời gian ≈ 0.145365900 giây
Kết quả khớp đáp án!
duy‣CHANLE‣Test02: 1.00
Thời gian ≈ 0.116957700 giây
Kết quả khớp đáp án!
duy‣CHANLE‣Test03: 1.00
Thời gian ≈ 0.122629000 giây
Kết quả khớp đáp án!
duy‣CHANLE‣Test04: 1.00
Thời gian ≈ 0.130759800 giây
Kết quả khớp đáp án!
duy‣CHANLE‣Test05: 1.00
Thời gian ≈ 0.128927700 giây
Kết quả khớp đáp án!
duy‣CHANLE‣Test06: 1.00
Thời gian ≈ 0.110315900 giây
Kết quả khớp đáp án!
duy‣CHANLE‣Test07: 1.00
Thời gian ≈ 0.106668900 giây
Kết quả khớp đáp án!
duy‣CHANLE‣Test08: 1.00
Thời gian ≈ 0.115829700 giây
Kết quả khớp đáp án!
duy‣CHANLE‣Test09: 1.00
Thời gian ≈ 0.105538700 giây
Kết quả khớp đáp án!
duy‣CHANLE‣Test10: 1.00
Thời gian ≈ 0.128649900 giây
Kết quả khớp đáp án!
