duy‣CHANLE: 10.00
CHANLE.py

duy‣CHANLE‣Test01: 1.00
Thời gian ≈ 0.115139200 giây
Kết quả khớp đáp án!
duy‣CHANLE‣Test02: 1.00
Thời gian ≈ 0.110330000 giây
Kết quả khớp đáp án!
duy‣CHANLE‣Test03: 1.00
Thời gian ≈ 0.113256800 giây
Kết quả khớp đáp án!
duy‣CHANLE‣Test04: 1.00
Thời gian ≈ 0.115349200 giây
Kết quả khớp đáp án!
duy‣CHANLE‣Test05: 1.00
Thời gian ≈ 0.155246800 giây
Kết quả khớp đáp án!
duy‣CHANLE‣Test06: 1.00
Thời gian ≈ 0.131218700 giây
Kết quả khớp đáp án!
duy‣CHANLE‣Test07: 1.00
Thời gian ≈ 0.118717700 giây
Kết quả khớp đáp án!
duy‣CHANLE‣Test08: 1.00
Thời gian ≈ 0.115013000 giây
Kết quả khớp đáp án!
duy‣CHANLE‣Test09: 1.00
Thời gian ≈ 0.112146900 giây
Kết quả khớp đáp án!
duy‣CHANLE‣Test10: 1.00
Thời gian ≈ 0.116295700 giây
Kết quả khớp đáp án!
