admin‣A: 0.00
A.cpp
Dịch thành công

admin‣A‣test01: 1.00
Thời gian ≈ 0.043869700 giây
Kết quả khớp đáp án!
admin‣A‣test02: 1.00
Thời gian ≈ 0.040590800 giây
Kết quả khớp đáp án!
admin‣A‣test03: 1.00
Thời gian ≈ 0.046664400 giây
Kết quả khớp đáp án!
admin‣A‣test04: 1.00
Thời gian ≈ 0.041321700 giây
Kết quả khớp đáp án!
admin‣A‣test05: 1.00
Thời gian ≈ 0.047254200 giây
Kết quả khớp đáp án!
admin‣A‣test06: 1.00
Thời gian ≈ 0.049130200 giây
Kết quả khớp đáp án!
admin‣A‣test07: 1.00
Thời gian ≈ 0.044335100 giây
Kết quả khớp đáp án!
admin‣A‣test08: 1.00
Thời gian ≈ 0.046207400 giây
Kết quả khớp đáp án!
admin‣A‣test09: 1.00
Thời gian ≈ 0.044469600 giây
Kết quả khớp đáp án!
admin‣A‣test10: 1.00
Thời gian ≈ 0.054645100 giây
Kết quả khớp đáp án!
admin‣A‣test11: 1.00
Thời gian ≈ 0.045110600 giây
Kết quả khớp đáp án!
admin‣A‣test12: 1.00
Thời gian ≈ 0.047779300 giây
Kết quả khớp đáp án!
admin‣A‣test13: 1.00
Thời gian ≈ 0.050226500 giây
Kết quả khớp đáp án!
admin‣A‣test14: 1.00
Thời gian ≈ 0.048305600 giây
Kết quả khớp đáp án!
admin‣A‣test15: 1.00
Thời gian ≈ 0.039919600 giây
Kết quả khớp đáp án!
admin‣A‣test16: 1.00
Thời gian ≈ 0.044210900 giây
Kết quả khớp đáp án!
admin‣A‣test17: 1.00
Thời gian ≈ 0.045270400 giây
Kết quả khớp đáp án!
admin‣A‣test18: 1.00
Thời gian ≈ 0.045158600 giây
Kết quả khớp đáp án!
admin‣A‣test19: 1.00
Thời gian ≈ 0.042138500 giây
Kết quả khớp đáp án!
admin‣A‣test20: 1.00
Thời gian ≈ 0.043272600 giây
Kết quả khớp đáp án!
admin‣A‣test21: 1.00
Thời gian ≈ 0.043200200 giây
Kết quả khớp đáp án!
admin‣A‣test22: 1.00
Thời gian ≈ 0.044224900 giây
Kết quả khớp đáp án!
admin‣A‣test23: 1.00
Thời gian ≈ 0.047856700 giây
Kết quả khớp đáp án!
admin‣A‣test24: 1.00
Thời gian ≈ 0.040289600 giây
Kết quả khớp đáp án!
admin‣A‣test25: 1.00
Thời gian ≈ 0.046780200 giây
Kết quả khớp đáp án!
admin‣A‣test26: 1.00
Thời gian ≈ 0.041297200 giây
Kết quả khớp đáp án!
admin‣A‣test27: 1.00
Thời gian ≈ 0.044710300 giây
Kết quả khớp đáp án!
admin‣A‣test28: 1.00
Thời gian ≈ 0.042619500 giây
Kết quả khớp đáp án!
admin‣A‣test29: 1.00
Thời gian ≈ 0.044214200 giây
Kết quả khớp đáp án!
admin‣A‣test30: 1.00
Thời gian ≈ 0.045429200 giây
Kết quả khớp đáp án!
admin‣A‣test31: 1.00
Thời gian ≈ 0.047008000 giây
Kết quả khớp đáp án!
admin‣A‣test32: 1.00
Thời gian ≈ 0.042697300 giây
Kết quả khớp đáp án!
admin‣A‣test33: 1.00
Thời gian ≈ 0.049855200 giây
Kết quả khớp đáp án!
admin‣A‣test34: 1.00
Thời gian ≈ 0.047650900 giây
Kết quả khớp đáp án!
admin‣A‣test35: 1.00
Thời gian ≈ 0.045837900 giây
Kết quả khớp đáp án!
admin‣A‣test36: 1.00
Thời gian ≈ 0.048123200 giây
Kết quả khớp đáp án!
admin‣A‣test37: 1.00
Thời gian ≈ 0.048675300 giây
Kết quả khớp đáp án!
admin‣A‣test38: 1.00
Thời gian ≈ 0.044958200 giây
Kết quả khớp đáp án!
admin‣A‣test39: 1.00
Thời gian ≈ 0.047264800 giây
Kết quả khớp đáp án!
admin‣A‣test40: 1.00
Thời gian ≈ 0.047436300 giây
Kết quả khớp đáp án!
admin‣A‣test41: 1.00
Thời gian ≈ 0.045112500 giây
Kết quả khớp đáp án!
admin‣A‣test42: 1.00
Thời gian ≈ 0.040138300 giây
Kết quả khớp đáp án!
admin‣A‣test43: 1.00
Thời gian ≈ 0.058603000 giây
Kết quả khớp đáp án!
admin‣A‣test44: 1.00
Thời gian ≈ 0.044204800 giây
Kết quả khớp đáp án!
admin‣A‣test45: 1.00
Thời gian ≈ 0.042046800 giây
Kết quả khớp đáp án!
admin‣A‣test46: 1.00
Thời gian ≈ 0.042505100 giây
Kết quả khớp đáp án!
admin‣A‣test47: 1.00
Thời gian ≈ 0.046721400 giây
Kết quả khớp đáp án!
admin‣A‣test48: 1.00
Thời gian ≈ 0.040858500 giây
Kết quả khớp đáp án!
admin‣A‣test49: 1.00
Thời gian ≈ 0.054874000 giây
Kết quả khớp đáp án!
admin‣A‣test50: 1.00
Thời gian ≈ 0.038368000 giây
Kết quả khớp đáp án!
