admin‣A: 50.00
A.cpp
Dịch thành công

admin‣A‣test01: 1.00
Thời gian ≈ 0.082541200 giây
Kết quả khớp đáp án!
admin‣A‣test02: 1.00
Thời gian ≈ 0.046943800 giây
Kết quả khớp đáp án!
admin‣A‣test03: 1.00
Thời gian ≈ 0.045812500 giây
Kết quả khớp đáp án!
admin‣A‣test04: 1.00
Thời gian ≈ 0.047441500 giây
Kết quả khớp đáp án!
admin‣A‣test05: 1.00
Thời gian ≈ 0.053715400 giây
Kết quả khớp đáp án!
admin‣A‣test06: 1.00
Thời gian ≈ 0.044692300 giây
Kết quả khớp đáp án!
admin‣A‣test07: 1.00
Thời gian ≈ 0.047596300 giây
Kết quả khớp đáp án!
admin‣A‣test08: 1.00
Thời gian ≈ 0.054695200 giây
Kết quả khớp đáp án!
admin‣A‣test09: 1.00
Thời gian ≈ 0.050960000 giây
Kết quả khớp đáp án!
admin‣A‣test10: 1.00
Thời gian ≈ 0.053460300 giây
Kết quả khớp đáp án!
admin‣A‣test11: 1.00
Thời gian ≈ 0.046129300 giây
Kết quả khớp đáp án!
admin‣A‣test12: 1.00
Thời gian ≈ 0.049393900 giây
Kết quả khớp đáp án!
admin‣A‣test13: 1.00
Thời gian ≈ 0.046010600 giây
Kết quả khớp đáp án!
admin‣A‣test14: 1.00
Thời gian ≈ 0.044436300 giây
Kết quả khớp đáp án!
admin‣A‣test15: 1.00
Thời gian ≈ 0.042616400 giây
Kết quả khớp đáp án!
admin‣A‣test16: 1.00
Thời gian ≈ 0.043795500 giây
Kết quả khớp đáp án!
admin‣A‣test17: 1.00
Thời gian ≈ 0.045070000 giây
Kết quả khớp đáp án!
admin‣A‣test18: 1.00
Thời gian ≈ 0.046397500 giây
Kết quả khớp đáp án!
admin‣A‣test19: 1.00
Thời gian ≈ 0.045547100 giây
Kết quả khớp đáp án!
admin‣A‣test20: 1.00
Thời gian ≈ 0.046538500 giây
Kết quả khớp đáp án!
admin‣A‣test21: 1.00
Thời gian ≈ 0.044946100 giây
Kết quả khớp đáp án!
admin‣A‣test22: 1.00
Thời gian ≈ 0.046326100 giây
Kết quả khớp đáp án!
admin‣A‣test23: 1.00
Thời gian ≈ 0.042081100 giây
Kết quả khớp đáp án!
admin‣A‣test24: 1.00
Thời gian ≈ 0.046652900 giây
Kết quả khớp đáp án!
admin‣A‣test25: 1.00
Thời gian ≈ 0.047632000 giây
Kết quả khớp đáp án!
admin‣A‣test26: 1.00
Thời gian ≈ 0.045587500 giây
Kết quả khớp đáp án!
admin‣A‣test27: 1.00
Thời gian ≈ 0.045882500 giây
Kết quả khớp đáp án!
admin‣A‣test28: 1.00
Thời gian ≈ 0.043923900 giây
Kết quả khớp đáp án!
admin‣A‣test29: 1.00
Thời gian ≈ 0.038001400 giây
Kết quả khớp đáp án!
admin‣A‣test30: 1.00
Thời gian ≈ 0.043322100 giây
Kết quả khớp đáp án!
admin‣A‣test31: 1.00
Thời gian ≈ 0.045460100 giây
Kết quả khớp đáp án!
admin‣A‣test32: 1.00
Thời gian ≈ 0.044525100 giây
Kết quả khớp đáp án!
admin‣A‣test33: 1.00
Thời gian ≈ 0.042389900 giây
Kết quả khớp đáp án!
admin‣A‣test34: 1.00
Thời gian ≈ 0.045814200 giây
Kết quả khớp đáp án!
admin‣A‣test35: 1.00
Thời gian ≈ 0.041105300 giây
Kết quả khớp đáp án!
admin‣A‣test36: 1.00
Thời gian ≈ 0.041778500 giây
Kết quả khớp đáp án!
admin‣A‣test37: 1.00
Thời gian ≈ 0.045538200 giây
Kết quả khớp đáp án!
admin‣A‣test38: 1.00
Thời gian ≈ 0.040973700 giây
Kết quả khớp đáp án!
admin‣A‣test39: 1.00
Thời gian ≈ 0.044928400 giây
Kết quả khớp đáp án!
admin‣A‣test40: 1.00
Thời gian ≈ 0.044426200 giây
Kết quả khớp đáp án!
admin‣A‣test41: 1.00
Thời gian ≈ 0.040194000 giây
Kết quả khớp đáp án!
admin‣A‣test42: 1.00
Thời gian ≈ 0.047244200 giây
Kết quả khớp đáp án!
admin‣A‣test43: 1.00
Thời gian ≈ 0.044906100 giây
Kết quả khớp đáp án!
admin‣A‣test44: 1.00
Thời gian ≈ 0.044348200 giây
Kết quả khớp đáp án!
admin‣A‣test45: 1.00
Thời gian ≈ 0.043128800 giây
Kết quả khớp đáp án!
admin‣A‣test46: 1.00
Thời gian ≈ 0.046683300 giây
Kết quả khớp đáp án!
admin‣A‣test47: 1.00
Thời gian ≈ 0.045360500 giây
Kết quả khớp đáp án!
admin‣A‣test48: 1.00
Thời gian ≈ 0.046215300 giây
Kết quả khớp đáp án!
admin‣A‣test49: 1.00
Thời gian ≈ 0.047671600 giây
Kết quả khớp đáp án!
admin‣A‣test50: 1.00
Thời gian ≈ 0.046639400 giây
Kết quả khớp đáp án!
