duy‣CHANLE: 0.00
CHANLE.py

duy‣CHANLE‣Test01: 0.00
Thời gian ≈ 0.137892200 giây
Kết quả khớp đáp án!
duy‣CHANLE‣Test02: 0.00
Thời gian ≈ 0.134376300 giây
Kết quả KHÁC đáp án!
duy‣CHANLE‣Test03: 0.00
Thời gian ≈ 0.127348800 giây
Kết quả KHÁC đáp án!
duy‣CHANLE‣Test04: 0.00
Thời gian ≈ 0.110880900 giây
Kết quả KHÁC đáp án!
duy‣CHANLE‣Test05: 0.00
Thời gian ≈ 0.135337800 giây
Kết quả KHÁC đáp án!
duy‣CHANLE‣Test06: 0.00
Thời gian ≈ 0.140950600 giây
Kết quả KHÁC đáp án!
duy‣CHANLE‣Test07: 0.00
Thời gian ≈ 0.110986600 giây
Kết quả KHÁC đáp án!
duy‣CHANLE‣Test08: 0.00
Thời gian ≈ 0.141523400 giây
Kết quả KHÁC đáp án!
duy‣CHANLE‣Test09: 0.00
Thời gian ≈ 0.116742800 giây
Kết quả KHÁC đáp án!
duy‣CHANLE‣Test10: 0.00
Thời gian ≈ 0.112756600 giây
Kết quả KHÁC đáp án!
