admin‣BCFACTOR: 10.00
BCFACTOR.cpp
Dịch thành công

admin‣BCFACTOR‣test1: 1.00
Thời gian ≈ 0.053268300 giây
Kết quả khớp đáp án!
admin‣BCFACTOR‣test10: 1.00
Thời gian ≈ 0.072511200 giây
Kết quả khớp đáp án!
admin‣BCFACTOR‣test2: 1.00
Thời gian ≈ 0.059910900 giây
Kết quả khớp đáp án!
admin‣BCFACTOR‣test3: 1.00
Thời gian ≈ 0.077837100 giây
Kết quả khớp đáp án!
admin‣BCFACTOR‣test4: 1.00
Thời gian ≈ 0.086480300 giây
Kết quả khớp đáp án!
admin‣BCFACTOR‣test5: 1.00
Thời gian ≈ 0.059197100 giây
Kết quả khớp đáp án!
admin‣BCFACTOR‣test6: 1.00
Thời gian ≈ 0.068666800 giây
Kết quả khớp đáp án!
admin‣BCFACTOR‣test7: 1.00
Thời gian ≈ 0.101880900 giây
Kết quả khớp đáp án!
admin‣BCFACTOR‣test8: 1.00
Thời gian ≈ 0.060877900 giây
Kết quả khớp đáp án!
admin‣BCFACTOR‣test9: 1.00
Thời gian ≈ 0.056698800 giây
Kết quả khớp đáp án!
