admin‣A: 50.00
A.cpp
Dịch thành công

admin‣A‣test01: 1.00
Thời gian ≈ 0.052767300 giây
Kết quả khớp đáp án!
admin‣A‣test02: 1.00
Thời gian ≈ 0.046347700 giây
Kết quả khớp đáp án!
admin‣A‣test03: 1.00
Thời gian ≈ 0.046965400 giây
Kết quả khớp đáp án!
admin‣A‣test04: 1.00
Thời gian ≈ 0.047740600 giây
Kết quả khớp đáp án!
admin‣A‣test05: 1.00
Thời gian ≈ 0.050420000 giây
Kết quả khớp đáp án!
admin‣A‣test06: 1.00
Thời gian ≈ 0.048105100 giây
Kết quả khớp đáp án!
admin‣A‣test07: 1.00
Thời gian ≈ 0.050064900 giây
Kết quả khớp đáp án!
admin‣A‣test08: 1.00
Thời gian ≈ 0.056861800 giây
Kết quả khớp đáp án!
admin‣A‣test09: 1.00
Thời gian ≈ 0.051134900 giây
Kết quả khớp đáp án!
admin‣A‣test10: 1.00
Thời gian ≈ 0.062830500 giây
Kết quả khớp đáp án!
admin‣A‣test11: 1.00
Thời gian ≈ 0.053727600 giây
Kết quả khớp đáp án!
admin‣A‣test12: 1.00
Thời gian ≈ 0.047483000 giây
Kết quả khớp đáp án!
admin‣A‣test13: 1.00
Thời gian ≈ 0.046544500 giây
Kết quả khớp đáp án!
admin‣A‣test14: 1.00
Thời gian ≈ 0.056448900 giây
Kết quả khớp đáp án!
admin‣A‣test15: 1.00
Thời gian ≈ 0.059474200 giây
Kết quả khớp đáp án!
admin‣A‣test16: 1.00
Thời gian ≈ 0.044534900 giây
Kết quả khớp đáp án!
admin‣A‣test17: 1.00
Thời gian ≈ 0.048483900 giây
Kết quả khớp đáp án!
admin‣A‣test18: 1.00
Thời gian ≈ 0.052218800 giây
Kết quả khớp đáp án!
admin‣A‣test19: 1.00
Thời gian ≈ 0.051036600 giây
Kết quả khớp đáp án!
admin‣A‣test20: 1.00
Thời gian ≈ 0.051497000 giây
Kết quả khớp đáp án!
admin‣A‣test21: 1.00
Thời gian ≈ 0.049569300 giây
Kết quả khớp đáp án!
admin‣A‣test22: 1.00
Thời gian ≈ 0.054795900 giây
Kết quả khớp đáp án!
admin‣A‣test23: 1.00
Thời gian ≈ 0.057802100 giây
Kết quả khớp đáp án!
admin‣A‣test24: 1.00
Thời gian ≈ 0.050734400 giây
Kết quả khớp đáp án!
admin‣A‣test25: 1.00
Thời gian ≈ 0.047088700 giây
Kết quả khớp đáp án!
admin‣A‣test26: 1.00
Thời gian ≈ 0.053862200 giây
Kết quả khớp đáp án!
admin‣A‣test27: 1.00
Thời gian ≈ 0.060833300 giây
Kết quả khớp đáp án!
admin‣A‣test28: 1.00
Thời gian ≈ 0.055627000 giây
Kết quả khớp đáp án!
admin‣A‣test29: 1.00
Thời gian ≈ 0.054650800 giây
Kết quả khớp đáp án!
admin‣A‣test30: 1.00
Thời gian ≈ 0.054694700 giây
Kết quả khớp đáp án!
admin‣A‣test31: 1.00
Thời gian ≈ 0.052994500 giây
Kết quả khớp đáp án!
admin‣A‣test32: 1.00
Thời gian ≈ 0.056654500 giây
Kết quả khớp đáp án!
admin‣A‣test33: 1.00
Thời gian ≈ 0.054200600 giây
Kết quả khớp đáp án!
admin‣A‣test34: 1.00
Thời gian ≈ 0.052683900 giây
Kết quả khớp đáp án!
admin‣A‣test35: 1.00
Thời gian ≈ 0.049223700 giây
Kết quả khớp đáp án!
admin‣A‣test36: 1.00
Thời gian ≈ 0.053475700 giây
Kết quả khớp đáp án!
admin‣A‣test37: 1.00
Thời gian ≈ 0.045565100 giây
Kết quả khớp đáp án!
admin‣A‣test38: 1.00
Thời gian ≈ 0.055361400 giây
Kết quả khớp đáp án!
admin‣A‣test39: 1.00
Thời gian ≈ 0.059587200 giây
Kết quả khớp đáp án!
admin‣A‣test40: 1.00
Thời gian ≈ 0.049159800 giây
Kết quả khớp đáp án!
admin‣A‣test41: 1.00
Thời gian ≈ 0.050630500 giây
Kết quả khớp đáp án!
admin‣A‣test42: 1.00
Thời gian ≈ 0.054340400 giây
Kết quả khớp đáp án!
admin‣A‣test43: 1.00
Thời gian ≈ 0.053014500 giây
Kết quả khớp đáp án!
admin‣A‣test44: 1.00
Thời gian ≈ 0.053746500 giây
Kết quả khớp đáp án!
admin‣A‣test45: 1.00
Thời gian ≈ 0.046668200 giây
Kết quả khớp đáp án!
admin‣A‣test46: 1.00
Thời gian ≈ 0.060612300 giây
Kết quả khớp đáp án!
admin‣A‣test47: 1.00
Thời gian ≈ 0.057960900 giây
Kết quả khớp đáp án!
admin‣A‣test48: 1.00
Thời gian ≈ 0.052685200 giây
Kết quả khớp đáp án!
admin‣A‣test49: 1.00
Thời gian ≈ 0.045918700 giây
Kết quả khớp đáp án!
admin‣A‣test50: 1.00
Thời gian ≈ 0.057513100 giây
Kết quả khớp đáp án!
