duy‣BCPRIME: 10.00
BCPRIME.c
Dịch thành công

duy‣BCPRIME‣Test01: 1.00
Thời gian ≈ 0.043738400 giây
Kết quả khớp đáp án!
duy‣BCPRIME‣Test02: 1.00
Thời gian ≈ 0.044892300 giây
Kết quả khớp đáp án!
duy‣BCPRIME‣Test03: 1.00
Thời gian ≈ 0.045962600 giây
Kết quả khớp đáp án!
duy‣BCPRIME‣Test04: 1.00
Thời gian ≈ 0.041682000 giây
Kết quả khớp đáp án!
duy‣BCPRIME‣Test05: 1.00
Thời gian ≈ 0.045620900 giây
Kết quả khớp đáp án!
duy‣BCPRIME‣Test06: 1.00
Thời gian ≈ 0.049869700 giây
Kết quả khớp đáp án!
duy‣BCPRIME‣Test07: 1.00
Thời gian ≈ 0.043533600 giây
Kết quả khớp đáp án!
duy‣BCPRIME‣Test08: 1.00
Thời gian ≈ 0.043121500 giây
Kết quả khớp đáp án!
duy‣BCPRIME‣Test09: 1.00
Thời gian ≈ 0.044522700 giây
Kết quả khớp đáp án!
duy‣BCPRIME‣Test10: 1.00
Thời gian ≈ 0.042980800 giây
Kết quả khớp đáp án!
