admin‣A: 0.00
A.cpp
Dịch thành công

admin‣A‣test01: 1.00
Thời gian ≈ 0.041862500 giây
Kết quả khớp đáp án!
admin‣A‣test02: 1.00
Thời gian ≈ 0.047631500 giây
Kết quả khớp đáp án!
admin‣A‣test03: 1.00
Thời gian ≈ 0.040596500 giây
Kết quả khớp đáp án!
admin‣A‣test04: 1.00
Thời gian ≈ 0.041538200 giây
Kết quả khớp đáp án!
admin‣A‣test05: 1.00
Thời gian ≈ 0.043266400 giây
Kết quả khớp đáp án!
admin‣A‣test06: 1.00
Thời gian ≈ 0.039976000 giây
Kết quả khớp đáp án!
admin‣A‣test07: 1.00
Thời gian ≈ 0.042049100 giây
Kết quả khớp đáp án!
admin‣A‣test08: 1.00
Thời gian ≈ 0.044391500 giây
Kết quả khớp đáp án!
admin‣A‣test09: 1.00
Thời gian ≈ 0.039913500 giây
Kết quả khớp đáp án!
admin‣A‣test10: 1.00
Thời gian ≈ 0.039747000 giây
Kết quả khớp đáp án!
admin‣A‣test11: 1.00
Thời gian ≈ 0.039773200 giây
Kết quả khớp đáp án!
admin‣A‣test12: 1.00
Thời gian ≈ 0.044922500 giây
Kết quả khớp đáp án!
admin‣A‣test13: 1.00
Thời gian ≈ 0.045416200 giây
Kết quả khớp đáp án!
admin‣A‣test14: 1.00
Thời gian ≈ 0.041545500 giây
Kết quả khớp đáp án!
admin‣A‣test15: 1.00
Thời gian ≈ 0.052183100 giây
Kết quả khớp đáp án!
admin‣A‣test16: 1.00
Thời gian ≈ 0.045982100 giây
Kết quả khớp đáp án!
admin‣A‣test17: 1.00
Thời gian ≈ 0.040764900 giây
Kết quả khớp đáp án!
admin‣A‣test18: 1.00
Thời gian ≈ 0.045937900 giây
Kết quả khớp đáp án!
admin‣A‣test19: 1.00
Thời gian ≈ 0.038365800 giây
Kết quả khớp đáp án!
admin‣A‣test20: 1.00
Thời gian ≈ 0.040945800 giây
Kết quả khớp đáp án!
admin‣A‣test21: 1.00
Thời gian ≈ 0.042346200 giây
Kết quả khớp đáp án!
admin‣A‣test22: 1.00
Thời gian ≈ 0.039758600 giây
Kết quả khớp đáp án!
admin‣A‣test23: 1.00
Thời gian ≈ 0.042772900 giây
Kết quả khớp đáp án!
admin‣A‣test24: 1.00
Thời gian ≈ 0.037994600 giây
Kết quả khớp đáp án!
admin‣A‣test25: 1.00
Thời gian ≈ 0.044756400 giây
Kết quả khớp đáp án!
admin‣A‣test26: 1.00
Thời gian ≈ 0.042474300 giây
Kết quả khớp đáp án!
admin‣A‣test27: 1.00
Thời gian ≈ 0.043591300 giây
Kết quả khớp đáp án!
admin‣A‣test28: 1.00
Thời gian ≈ 0.044607200 giây
Kết quả khớp đáp án!
admin‣A‣test29: 1.00
Thời gian ≈ 0.039061700 giây
Kết quả khớp đáp án!
admin‣A‣test30: 1.00
Thời gian ≈ 0.041914800 giây
Kết quả khớp đáp án!
admin‣A‣test31: 1.00
Thời gian ≈ 0.040447300 giây
Kết quả khớp đáp án!
admin‣A‣test32: 1.00
Thời gian ≈ 0.039029100 giây
Kết quả khớp đáp án!
admin‣A‣test33: 1.00
Thời gian ≈ 0.042815600 giây
Kết quả khớp đáp án!
admin‣A‣test34: 1.00
Thời gian ≈ 0.041966800 giây
Kết quả khớp đáp án!
admin‣A‣test35: 1.00
Thời gian ≈ 0.038611100 giây
Kết quả khớp đáp án!
admin‣A‣test36: 1.00
Thời gian ≈ 0.039108200 giây
Kết quả khớp đáp án!
admin‣A‣test37: 1.00
Thời gian ≈ 0.039622900 giây
Kết quả khớp đáp án!
admin‣A‣test38: 1.00
Thời gian ≈ 0.040420900 giây
Kết quả khớp đáp án!
admin‣A‣test39: 1.00
Thời gian ≈ 0.043466800 giây
Kết quả khớp đáp án!
admin‣A‣test40: 1.00
Thời gian ≈ 0.039586800 giây
Kết quả khớp đáp án!
admin‣A‣test41: 1.00
Thời gian ≈ 0.041628200 giây
Kết quả khớp đáp án!
admin‣A‣test42: 1.00
Thời gian ≈ 0.042210000 giây
Kết quả khớp đáp án!
admin‣A‣test43: 1.00
Thời gian ≈ 0.042608900 giây
Kết quả khớp đáp án!
admin‣A‣test44: 1.00
Thời gian ≈ 0.044513900 giây
Kết quả khớp đáp án!
admin‣A‣test45: 1.00
Thời gian ≈ 0.042486000 giây
Kết quả khớp đáp án!
admin‣A‣test46: 1.00
Thời gian ≈ 0.039673700 giây
Kết quả khớp đáp án!
admin‣A‣test47: 1.00
Thời gian ≈ 0.041189200 giây
Kết quả khớp đáp án!
admin‣A‣test48: 1.00
Thời gian ≈ 0.041992700 giây
Kết quả khớp đáp án!
admin‣A‣test49: 1.00
Thời gian ≈ 0.039424700 giây
Kết quả khớp đáp án!
admin‣A‣test50: 1.00
Thời gian ≈ 0.045043500 giây
Kết quả khớp đáp án!
