admin‣BCPALIN: 10.00
BCPALIN.cpp
Dịch thành công

admin‣BCPALIN‣test1: 1.00
Thời gian ≈ 0.090400900 giây
Kết quả khớp đáp án!
admin‣BCPALIN‣test10: 1.00
Thời gian ≈ 0.053160100 giây
Kết quả khớp đáp án!
admin‣BCPALIN‣test2: 1.00
Thời gian ≈ 0.058618800 giây
Kết quả khớp đáp án!
admin‣BCPALIN‣test3: 1.00
Thời gian ≈ 0.057521100 giây
Kết quả khớp đáp án!
admin‣BCPALIN‣test4: 1.00
Thời gian ≈ 0.066799200 giây
Kết quả khớp đáp án!
admin‣BCPALIN‣test5: 1.00
Thời gian ≈ 0.060142700 giây
Kết quả khớp đáp án!
admin‣BCPALIN‣test6: 1.00
Thời gian ≈ 0.069386800 giây
Kết quả khớp đáp án!
admin‣BCPALIN‣test7: 1.00
Thời gian ≈ 0.065722800 giây
Kết quả khớp đáp án!
admin‣BCPALIN‣test8: 1.00
Thời gian ≈ 0.057085100 giây
Kết quả khớp đáp án!
admin‣BCPALIN‣test9: 1.00
Thời gian ≈ 0.051222500 giây
Kết quả khớp đáp án!
