admin‣B: 0.00
B.py

admin‣B‣test01: 0.00
Chạy sinh lỗi
Command: "D:\Program\Themis\PYTHON\python.exe" "B.py" terminated with exit code: 1
admin‣B‣test02: 0.00
Chạy sinh lỗi
Command: "D:\Program\Themis\PYTHON\python.exe" "B.py" terminated with exit code: 1
admin‣B‣test03: 0.00
Chạy sinh lỗi
Command: "D:\Program\Themis\PYTHON\python.exe" "B.py" terminated with exit code: 1
admin‣B‣test04: 0.00
Chạy sinh lỗi
Command: "D:\Program\Themis\PYTHON\python.exe" "B.py" terminated with exit code: 1
admin‣B‣test05: 0.00
Chạy sinh lỗi
Command: "D:\Program\Themis\PYTHON\python.exe" "B.py" terminated with exit code: 1
admin‣B‣test06: 0.00
Chạy sinh lỗi
Command: "D:\Program\Themis\PYTHON\python.exe" "B.py" terminated with exit code: 1
admin‣B‣test07: 0.00
Chạy sinh lỗi
Command: "D:\Program\Themis\PYTHON\python.exe" "B.py" terminated with exit code: 1
admin‣B‣test08: 0.00
Chạy sinh lỗi
Command: "D:\Program\Themis\PYTHON\python.exe" "B.py" terminated with exit code: 1
admin‣B‣test09: 0.00
Chạy sinh lỗi
Command: "D:\Program\Themis\PYTHON\python.exe" "B.py" terminated with exit code: 1
admin‣B‣test10: 0.00
Chạy sinh lỗi
Command: "D:\Program\Themis\PYTHON\python.exe" "B.py" terminated with exit code: 1
admin‣B‣test11: 0.00
Chạy sinh lỗi
Command: "D:\Program\Themis\PYTHON\python.exe" "B.py" terminated with exit code: 1
admin‣B‣test12: 0.00
Chạy sinh lỗi
Command: "D:\Program\Themis\PYTHON\python.exe" "B.py" terminated with exit code: 1
admin‣B‣test13: 0.00
Chạy sinh lỗi
Command: "D:\Program\Themis\PYTHON\python.exe" "B.py" terminated with exit code: 1
admin‣B‣test14: 0.00
Chạy sinh lỗi
Command: "D:\Program\Themis\PYTHON\python.exe" "B.py" terminated with exit code: 1
admin‣B‣test15: 0.00
Chạy sinh lỗi
Command: "D:\Program\Themis\PYTHON\python.exe" "B.py" terminated with exit code: 1
admin‣B‣test16: 0.00
Chạy sinh lỗi
Command: "D:\Program\Themis\PYTHON\python.exe" "B.py" terminated with exit code: 1
admin‣B‣test17: 0.00
Chạy sinh lỗi
Command: "D:\Program\Themis\PYTHON\python.exe" "B.py" terminated with exit code: 1
admin‣B‣test18: 0.00
Chạy sinh lỗi
Command: "D:\Program\Themis\PYTHON\python.exe" "B.py" terminated with exit code: 1
admin‣B‣test19: 0.00
Chạy sinh lỗi
Command: "D:\Program\Themis\PYTHON\python.exe" "B.py" terminated with exit code: 1
admin‣B‣test20: 0.00
Chạy sinh lỗi
Command: "D:\Program\Themis\PYTHON\python.exe" "B.py" terminated with exit code: 1
admin‣B‣test21: 0.00
Chạy sinh lỗi
Command: "D:\Program\Themis\PYTHON\python.exe" "B.py" terminated with exit code: 1
admin‣B‣test22: 0.00
Chạy sinh lỗi
Command: "D:\Program\Themis\PYTHON\python.exe" "B.py" terminated with exit code: 1
admin‣B‣test23: 0.00
Chạy sinh lỗi
Command: "D:\Program\Themis\PYTHON\python.exe" "B.py" terminated with exit code: 1
admin‣B‣test24: 0.00
Chạy sinh lỗi
Command: "D:\Program\Themis\PYTHON\python.exe" "B.py" terminated with exit code: 1
admin‣B‣test25: 0.00
Chạy sinh lỗi
Command: "D:\Program\Themis\PYTHON\python.exe" "B.py" terminated with exit code: 1
admin‣B‣test26: 0.00
Chạy sinh lỗi
Command: "D:\Program\Themis\PYTHON\python.exe" "B.py" terminated with exit code: 1
admin‣B‣test27: 0.00
Chạy sinh lỗi
Command: "D:\Program\Themis\PYTHON\python.exe" "B.py" terminated with exit code: 1
admin‣B‣test28: 0.00
Chạy sinh lỗi
Command: "D:\Program\Themis\PYTHON\python.exe" "B.py" terminated with exit code: 1
admin‣B‣test29: 0.00
Chạy sinh lỗi
Command: "D:\Program\Themis\PYTHON\python.exe" "B.py" terminated with exit code: 1
admin‣B‣test30: 0.00
Chạy sinh lỗi
Command: "D:\Program\Themis\PYTHON\python.exe" "B.py" terminated with exit code: 1
admin‣B‣test31: 0.00
Chạy sinh lỗi
Command: "D:\Program\Themis\PYTHON\python.exe" "B.py" terminated with exit code: 1
admin‣B‣test32: 0.00
Chạy sinh lỗi
Command: "D:\Program\Themis\PYTHON\python.exe" "B.py" terminated with exit code: 1
admin‣B‣test33: 0.00
Chạy sinh lỗi
Command: "D:\Program\Themis\PYTHON\python.exe" "B.py" terminated with exit code: 1
admin‣B‣test34: 0.00
Chạy sinh lỗi
Command: "D:\Program\Themis\PYTHON\python.exe" "B.py" terminated with exit code: 1
admin‣B‣test35: 0.00
Chạy sinh lỗi
Command: "D:\Program\Themis\PYTHON\python.exe" "B.py" terminated with exit code: 1
admin‣B‣test36: 0.00
Chạy sinh lỗi
Command: "D:\Program\Themis\PYTHON\python.exe" "B.py" terminated with exit code: 1
admin‣B‣test37: 0.00
Chạy sinh lỗi
Command: "D:\Program\Themis\PYTHON\python.exe" "B.py" terminated with exit code: 1
admin‣B‣test38: 0.00
Chạy sinh lỗi
Command: "D:\Program\Themis\PYTHON\python.exe" "B.py" terminated with exit code: 1
admin‣B‣test39: 0.00
Chạy sinh lỗi
Command: "D:\Program\Themis\PYTHON\python.exe" "B.py" terminated with exit code: 1
admin‣B‣test40: 0.00
Chạy sinh lỗi
Command: "D:\Program\Themis\PYTHON\python.exe" "B.py" terminated with exit code: 1
admin‣B‣test41: 0.00
Chạy sinh lỗi
Command: "D:\Program\Themis\PYTHON\python.exe" "B.py" terminated with exit code: 1
admin‣B‣test42: 0.00
Chạy sinh lỗi
Command: "D:\Program\Themis\PYTHON\python.exe" "B.py" terminated with exit code: 1
admin‣B‣test43: 0.00
Chạy sinh lỗi
Command: "D:\Program\Themis\PYTHON\python.exe" "B.py" terminated with exit code: 1
admin‣B‣test44: 0.00
Chạy sinh lỗi
Command: "D:\Program\Themis\PYTHON\python.exe" "B.py" terminated with exit code: 1
admin‣B‣test45: 0.00
Chạy sinh lỗi
Command: "D:\Program\Themis\PYTHON\python.exe" "B.py" terminated with exit code: 1
admin‣B‣test46: 0.00
Chạy sinh lỗi
Command: "D:\Program\Themis\PYTHON\python.exe" "B.py" terminated with exit code: 1
admin‣B‣test47: 0.00
Chạy sinh lỗi
Command: "D:\Program\Themis\PYTHON\python.exe" "B.py" terminated with exit code: 1
admin‣B‣test48: 0.00
Chạy sinh lỗi
Command: "D:\Program\Themis\PYTHON\python.exe" "B.py" terminated with exit code: 1
admin‣B‣test49: 0.00
Chạy sinh lỗi
Command: "D:\Program\Themis\PYTHON\python.exe" "B.py" terminated with exit code: 1
admin‣B‣test50: 0.00
Chạy sinh lỗi
Command: "D:\Program\Themis\PYTHON\python.exe" "B.py" terminated with exit code: 1
