duy‣CHANLE: 10.00
CHANLE.py

duy‣CHANLE‣Test01: 1.00
Thời gian ≈ 0.116891100 giây
Kết quả khớp đáp án!
duy‣CHANLE‣Test02: 1.00
Thời gian ≈ 0.120342900 giây
Kết quả khớp đáp án!
duy‣CHANLE‣Test03: 1.00
Thời gian ≈ 0.133072200 giây
Kết quả khớp đáp án!
duy‣CHANLE‣Test04: 1.00
Thời gian ≈ 0.120016800 giây
Kết quả khớp đáp án!
duy‣CHANLE‣Test05: 1.00
Thời gian ≈ 0.118749600 giây
Kết quả khớp đáp án!
duy‣CHANLE‣Test06: 1.00
Thời gian ≈ 0.127436400 giây
Kết quả khớp đáp án!
duy‣CHANLE‣Test07: 1.00
Thời gian ≈ 0.111030000 giây
Kết quả khớp đáp án!
duy‣CHANLE‣Test08: 1.00
Thời gian ≈ 0.114889000 giây
Kết quả khớp đáp án!
duy‣CHANLE‣Test09: 1.00
Thời gian ≈ 0.113745100 giây
Kết quả khớp đáp án!
duy‣CHANLE‣Test10: 1.00
Thời gian ≈ 0.123396500 giây
Kết quả khớp đáp án!
