duy‣A: 50.00
A.cpp
Dịch thành công

duy‣A‣test01: 1.00
Thời gian ≈ 0.077578100 giây
Kết quả khớp đáp án!
duy‣A‣test02: 1.00
Thời gian ≈ 0.054799400 giây
Kết quả khớp đáp án!
duy‣A‣test03: 1.00
Thời gian ≈ 0.414873100 giây
Kết quả khớp đáp án!
duy‣A‣test04: 1.00
Thời gian ≈ 0.056076300 giây
Kết quả khớp đáp án!
duy‣A‣test05: 1.00
Thời gian ≈ 0.054743200 giây
Kết quả khớp đáp án!
duy‣A‣test06: 1.00
Thời gian ≈ 0.056965500 giây
Kết quả khớp đáp án!
duy‣A‣test07: 1.00
Thời gian ≈ 0.054241300 giây
Kết quả khớp đáp án!
duy‣A‣test08: 1.00
Thời gian ≈ 0.053028800 giây
Kết quả khớp đáp án!
duy‣A‣test09: 1.00
Thời gian ≈ 0.054442900 giây
Kết quả khớp đáp án!
duy‣A‣test10: 1.00
Thời gian ≈ 0.054629900 giây
Kết quả khớp đáp án!
duy‣A‣test11: 1.00
Thời gian ≈ 0.053159800 giây
Kết quả khớp đáp án!
duy‣A‣test12: 1.00
Thời gian ≈ 0.053130800 giây
Kết quả khớp đáp án!
duy‣A‣test13: 1.00
Thời gian ≈ 0.048143800 giây
Kết quả khớp đáp án!
duy‣A‣test14: 1.00
Thời gian ≈ 0.053246100 giây
Kết quả khớp đáp án!
duy‣A‣test15: 1.00
Thời gian ≈ 0.055154600 giây
Kết quả khớp đáp án!
duy‣A‣test16: 1.00
Thời gian ≈ 0.046436500 giây
Kết quả khớp đáp án!
duy‣A‣test17: 1.00
Thời gian ≈ 0.052166600 giây
Kết quả khớp đáp án!
duy‣A‣test18: 1.00
Thời gian ≈ 0.057701200 giây
Kết quả khớp đáp án!
duy‣A‣test19: 1.00
Thời gian ≈ 0.050504000 giây
Kết quả khớp đáp án!
duy‣A‣test20: 1.00
Thời gian ≈ 0.056882500 giây
Kết quả khớp đáp án!
duy‣A‣test21: 1.00
Thời gian ≈ 0.056817000 giây
Kết quả khớp đáp án!
duy‣A‣test22: 1.00
Thời gian ≈ 0.051098700 giây
Kết quả khớp đáp án!
duy‣A‣test23: 1.00
Thời gian ≈ 0.051793100 giây
Kết quả khớp đáp án!
duy‣A‣test24: 1.00
Thời gian ≈ 0.062512100 giây
Kết quả khớp đáp án!
duy‣A‣test25: 1.00
Thời gian ≈ 0.046718900 giây
Kết quả khớp đáp án!
duy‣A‣test26: 1.00
Thời gian ≈ 0.055414700 giây
Kết quả khớp đáp án!
duy‣A‣test27: 1.00
Thời gian ≈ 0.053663500 giây
Kết quả khớp đáp án!
duy‣A‣test28: 1.00
Thời gian ≈ 0.058877800 giây
Kết quả khớp đáp án!
duy‣A‣test29: 1.00
Thời gian ≈ 0.057089700 giây
Kết quả khớp đáp án!
duy‣A‣test30: 1.00
Thời gian ≈ 0.056276000 giây
Kết quả khớp đáp án!
duy‣A‣test31: 1.00
Thời gian ≈ 0.049740500 giây
Kết quả khớp đáp án!
duy‣A‣test32: 1.00
Thời gian ≈ 0.051207200 giây
Kết quả khớp đáp án!
duy‣A‣test33: 1.00
Thời gian ≈ 0.054148700 giây
Kết quả khớp đáp án!
duy‣A‣test34: 1.00
Thời gian ≈ 0.055169900 giây
Kết quả khớp đáp án!
duy‣A‣test35: 1.00
Thời gian ≈ 0.055267500 giây
Kết quả khớp đáp án!
duy‣A‣test36: 1.00
Thời gian ≈ 0.055530300 giây
Kết quả khớp đáp án!
duy‣A‣test37: 1.00
Thời gian ≈ 0.055317900 giây
Kết quả khớp đáp án!
duy‣A‣test38: 1.00
Thời gian ≈ 0.058441900 giây
Kết quả khớp đáp án!
duy‣A‣test39: 1.00
Thời gian ≈ 0.052395500 giây
Kết quả khớp đáp án!
duy‣A‣test40: 1.00
Thời gian ≈ 0.057999900 giây
Kết quả khớp đáp án!
duy‣A‣test41: 1.00
Thời gian ≈ 0.058032300 giây
Kết quả khớp đáp án!
duy‣A‣test42: 1.00
Thời gian ≈ 0.053403700 giây
Kết quả khớp đáp án!
duy‣A‣test43: 1.00
Thời gian ≈ 0.055875900 giây
Kết quả khớp đáp án!
duy‣A‣test44: 1.00
Thời gian ≈ 0.048483800 giây
Kết quả khớp đáp án!
duy‣A‣test45: 1.00
Thời gian ≈ 0.051912300 giây
Kết quả khớp đáp án!
duy‣A‣test46: 1.00
Thời gian ≈ 0.048737100 giây
Kết quả khớp đáp án!
duy‣A‣test47: 1.00
Thời gian ≈ 0.051283200 giây
Kết quả khớp đáp án!
duy‣A‣test48: 1.00
Thời gian ≈ 0.057847000 giây
Kết quả khớp đáp án!
duy‣A‣test49: 1.00
Thời gian ≈ 0.056994100 giây
Kết quả khớp đáp án!
duy‣A‣test50: 1.00
Thời gian ≈ 0.054219400 giây
Kết quả khớp đáp án!
