admin‣BCVTAB: 10.00
BCVTAB.c
Dịch thành công

admin‣BCVTAB‣Test01: 1.00
Thời gian ≈ 0.044483900 giây
Kết quả khớp đáp án!
admin‣BCVTAB‣Test02: 1.00
Thời gian ≈ 0.068652100 giây
Kết quả khớp đáp án!
admin‣BCVTAB‣Test03: 1.00
Thời gian ≈ 0.040503400 giây
Kết quả khớp đáp án!
admin‣BCVTAB‣Test04: 1.00
Thời gian ≈ 0.039701700 giây
Kết quả khớp đáp án!
admin‣BCVTAB‣Test05: 1.00
Thời gian ≈ 0.041247400 giây
Kết quả khớp đáp án!
admin‣BCVTAB‣Test06: 1.00
Thời gian ≈ 0.046411100 giây
Kết quả khớp đáp án!
admin‣BCVTAB‣Test07: 1.00
Thời gian ≈ 0.045785900 giây
Kết quả khớp đáp án!
admin‣BCVTAB‣Test08: 1.00
Thời gian ≈ 0.047841800 giây
Kết quả khớp đáp án!
admin‣BCVTAB‣Test09: 1.00
Thời gian ≈ 0.039507900 giây
Kết quả khớp đáp án!
admin‣BCVTAB‣Test10: 1.00
Thời gian ≈ 0.044492700 giây
Kết quả khớp đáp án!
