admin‣CHANLE: 9.00
CHANLE.py

admin‣CHANLE‣Test01: 1.00
Thời gian ≈ 0.097412900 giây
Kết quả khớp đáp án!
admin‣CHANLE‣Test02: 1.00
Thời gian ≈ 0.097003500 giây
Kết quả khớp đáp án!
admin‣CHANLE‣Test03: 1.00
Thời gian ≈ 0.100857500 giây
Kết quả khớp đáp án!
admin‣CHANLE‣Test04: 1.00
Thời gian ≈ 0.092097800 giây
Kết quả khớp đáp án!
admin‣CHANLE‣Test05: 1.00
Thời gian ≈ 0.090685200 giây
Kết quả khớp đáp án!
admin‣CHANLE‣Test06: 1.00
Thời gian ≈ 0.094083000 giây
Kết quả khớp đáp án!
admin‣CHANLE‣Test07: 1.00
Thời gian ≈ 0.095810300 giây
Kết quả khớp đáp án!
admin‣CHANLE‣Test08: 1.00
Thời gian ≈ 0.097371400 giây
Kết quả khớp đáp án!
admin‣CHANLE‣Test09: 1.00
Thời gian ≈ 0.104708100 giây
Kết quả khớp đáp án!
admin‣CHANLE‣Test10: 1.00
Thời gian ≈ 0.090985700 giây
Kết quả KHÁC đáp án!
