dunglvnce140405‣BCFACT: 10.00
BCFACT.cpp
Dịch thành công

dunglvnce140405‣BCFACT‣Test01: 1.00
Thời gian ≈ 0.038588600 giây
Kết quả khớp đáp án!
dunglvnce140405‣BCFACT‣Test02: 1.00
Thời gian ≈ 0.041418500 giây
Kết quả khớp đáp án!
dunglvnce140405‣BCFACT‣Test03: 1.00
Thời gian ≈ 0.046268200 giây
Kết quả khớp đáp án!
dunglvnce140405‣BCFACT‣Test04: 1.00
Thời gian ≈ 0.045691200 giây
Kết quả khớp đáp án!
dunglvnce140405‣BCFACT‣Test05: 1.00
Thời gian ≈ 0.042957200 giây
Kết quả khớp đáp án!
dunglvnce140405‣BCFACT‣Test06: 1.00
Thời gian ≈ 0.041887800 giây
Kết quả khớp đáp án!
dunglvnce140405‣BCFACT‣Test07: 1.00
Thời gian ≈ 0.046451100 giây
Kết quả khớp đáp án!
dunglvnce140405‣BCFACT‣Test08: 1.00
Thời gian ≈ 0.042823600 giây
Kết quả khớp đáp án!
dunglvnce140405‣BCFACT‣Test09: 1.00
Thời gian ≈ 0.044858500 giây
Kết quả khớp đáp án!
dunglvnce140405‣BCFACT‣Test10: 1.00
Thời gian ≈ 0.042996500 giây
Kết quả khớp đáp án!
